%!Adobe-FontList 1.22
%Locale:0x410

%BeginFont
Handler:DirectoryHandler
FontType:Invalid
OutlineFileName:C:\Users\angel\Desktop\.cv\.corsi\.CODE\eserciziofinale\shoponline\src\assets\Font\Lato,Oswald\Oswald\OFL.txt
FileModTime:1721371772
%EndFont

%BeginFont
Handler:DirectoryHandler
FontType:TrueType
FontName:Oswald-Regular
FamilyName:Oswald
StyleName:Regular
FullName:Oswald Regular
MenuName:Oswald
FamilyPrefix:Oswald
StyleBits:0
WritingScript:Roman
OutlineFileName:C:\Users\angel\Desktop\.cv\.corsi\.CODE\eserciziofinale\shoponline\src\assets\Font\Lato,Oswald\Oswald\Oswald-VariableFont_wght.ttf
DataFormat:sfntData
hasSVG:no
VariableFontType:TrueTypeVariableFont
FileLength:169108
FileModTime:1721371772
WeightClass:400
WidthClass:5
AngleClass:0
NameArray:0,Win,1,Oswald
%EndFont

%BeginFont
Handler:DirectoryHandler
FontType:Invalid
OutlineFileName:C:\Users\angel\Desktop\.cv\.corsi\.CODE\eserciziofinale\shoponline\src\assets\Font\Lato,Oswald\Oswald\README.txt
FileModTime:1721371772
%EndFont

%BeginFont
Handler:DirectoryHandler
FontType:TrueType
FontName:Lato-Black
FamilyName:Lato
StyleName:Black
FullName:Lato Black
MenuName:Lato Black
StyleBits:0
WritingScript:Roman
OutlineFileName:C:\Users\angel\Desktop\.cv\.corsi\.CODE\eserciziofinale\shoponline\src\assets\Font\Lato\Lato-Black.ttf
DataFormat:sfntData
hasSVG:no
VariableFontType:NonVariableFont
FileLength:69500
FileModTime:1721371772
WeightClass:900
WidthClass:5
AngleClass:0
NameArray:0,Win,1,Lato Black
NameArray:0,Win,16,Lato
%EndFont

%BeginFont
Handler:DirectoryHandler
FontType:TrueType
FontName:Lato-BlackItalic
FamilyName:Lato
StyleName:Black Italic
FullName:Lato Black Italic
MenuName:Lato Black
StyleBits:1
WritingScript:Roman
OutlineFileName:C:\Users\angel\Desktop\.cv\.corsi\.CODE\eserciziofinale\shoponline\src\assets\Font\Lato\Lato-BlackItalic.ttf
DataFormat:sfntData
hasSVG:no
VariableFontType:NonVariableFont
FileLength:72000
FileModTime:1721371772
WeightClass:900
WidthClass:5
AngleClass:1
NameArray:0,Win,1,Lato Black
NameArray:0,Win,16,Lato
%EndFont

%BeginFont
Handler:DirectoryHandler
FontType:TrueType
FontName:Lato-Bold
FamilyName:Lato
StyleName:Bold
FullName:Lato Bold
MenuName:Lato
StyleBits:2
WritingScript:Roman
OutlineFileName:C:\Users\angel\Desktop\.cv\.corsi\.CODE\eserciziofinale\shoponline\src\assets\Font\Lato\Lato-Bold.ttf
DataFormat:sfntData
hasSVG:no
VariableFontType:NonVariableFont
FileLength:73332
FileModTime:1721371772
WeightClass:700
WidthClass:5
AngleClass:0
NameArray:0,Win,1,Lato
%EndFont

%BeginFont
Handler:DirectoryHandler
FontType:TrueType
FontName:Lato-BoldItalic
FamilyName:Lato
StyleName:Bold Italic
FullName:Lato Bold Italic
MenuName:Lato
StyleBits:3
WritingScript:Roman
OutlineFileName:C:\Users\angel\Desktop\.cv\.corsi\.CODE\eserciziofinale\shoponline\src\assets\Font\Lato\Lato-BoldItalic.ttf
DataFormat:sfntData
hasSVG:no
VariableFontType:NonVariableFont
FileLength:77732
FileModTime:1721371772
WeightClass:700
WidthClass:5
AngleClass:1
NameArray:0,Win,1,Lato
%EndFont

%BeginFont
Handler:DirectoryHandler
FontType:TrueType
FontName:Lato-Italic
FamilyName:Lato
StyleName:Italic
FullName:Lato Italic
MenuName:Lato
StyleBits:1
WritingScript:Roman
OutlineFileName:C:\Users\angel\Desktop\.cv\.corsi\.CODE\eserciziofinale\shoponline\src\assets\Font\Lato\Lato-Italic.ttf
DataFormat:sfntData
hasSVG:no
VariableFontType:NonVariableFont
FileLength:75792
FileModTime:1721371772
WeightClass:400
WidthClass:5
AngleClass:1
NameArray:0,Win,1,Lato
%EndFont

%BeginFont
Handler:DirectoryHandler
FontType:TrueType
FontName:Lato-Light
FamilyName:Lato
StyleName:Light
FullName:Lato-Light
MenuName:Lato Light
StyleBits:0
WritingScript:Roman
OutlineFileName:C:\Users\angel\Desktop\.cv\.corsi\.CODE\eserciziofinale\shoponline\src\assets\Font\Lato\Lato-Light.ttf
DataFormat:sfntData
hasSVG:no
VariableFontType:NonVariableFont
FileLength:77208
FileModTime:1721371772
WeightClass:300
WidthClass:5
AngleClass:0
NameArray:0,Win,1,Lato Light
NameArray:0,Win,16,Lato
%EndFont

%BeginFont
Handler:DirectoryHandler
FontType:TrueType
FontName:Lato-LightItalic
FamilyName:Lato
StyleName:Light Italic
FullName:Lato-LightItalic
MenuName:Lato Light
StyleBits:1
WritingScript:Roman
OutlineFileName:C:\Users\angel\Desktop\.cv\.corsi\.CODE\eserciziofinale\shoponline\src\assets\Font\Lato\Lato-LightItalic.ttf
DataFormat:sfntData
hasSVG:no
VariableFontType:NonVariableFont
FileLength:49080
FileModTime:1721371772
WeightClass:300
WidthClass:5
AngleClass:1
NameArray:0,Win,1,Lato Light
NameArray:0,Win,16,Lato
%EndFont

%BeginFont
Handler:DirectoryHandler
FontType:TrueType
FontName:Lato-Regular
FamilyName:Lato
StyleName:Regular
FullName:Lato Regular
MenuName:Lato
StyleBits:0
WritingScript:Roman
OutlineFileName:C:\Users\angel\Desktop\.cv\.corsi\.CODE\eserciziofinale\shoponline\src\assets\Font\Lato\Lato-Regular.ttf
DataFormat:sfntData
hasSVG:no
VariableFontType:NonVariableFont
FileLength:75152
FileModTime:1721371772
WeightClass:400
WidthClass:5
AngleClass:0
NameArray:0,Win,1,Lato
%EndFont

%BeginFont
Handler:DirectoryHandler
FontType:TrueType
FontName:Lato-Hairline
FamilyName:Lato
StyleName:Hairline
FullName:Lato-Hairline
MenuName:Lato Hairline
StyleBits:0
WritingScript:Roman
OutlineFileName:C:\Users\angel\Desktop\.cv\.corsi\.CODE\eserciziofinale\shoponline\src\assets\Font\Lato\Lato-Thin.ttf
DataFormat:sfntData
hasSVG:no
VariableFontType:NonVariableFont
FileLength:69976
FileModTime:1721371772
WeightClass:250
WidthClass:5
AngleClass:0
NameArray:0,Win,1,Lato Hairline
NameArray:0,Win,16,Lato
%EndFont

%BeginFont
Handler:DirectoryHandler
FontType:TrueType
FontName:Lato-HairlineItalic
FamilyName:Lato
StyleName:Hairline Italic
FullName:Lato-HairlineItalic
MenuName:Lato Hairline
StyleBits:1
WritingScript:Roman
OutlineFileName:C:\Users\angel\Desktop\.cv\.corsi\.CODE\eserciziofinale\shoponline\src\assets\Font\Lato\Lato-ThinItalic.ttf
DataFormat:sfntData
hasSVG:no
VariableFontType:NonVariableFont
FileLength:48864
FileModTime:1721371771
WeightClass:250
WidthClass:5
AngleClass:1
NameArray:0,Win,1,Lato Hairline
NameArray:0,Win,16,Lato
%EndFont

%BeginFont
Handler:DirectoryHandler
FontType:Invalid
OutlineFileName:C:\Users\angel\Desktop\.cv\.corsi\.CODE\eserciziofinale\shoponline\src\assets\Font\Lato\OFL.txt
FileModTime:1721371771
%EndFont

%BeginFont
Handler:DirectoryHandler
FontType:Invalid
OutlineFileName:C:\Users\angel\Desktop\.cv\.corsi\.CODE\eserciziofinale\shoponline\src\assets\Font\Oswald\OFL.txt
FileModTime:1721371765
%EndFont

%BeginFont
Handler:DirectoryHandler
FontType:TrueType
FontName:Oswald-Regular
FamilyName:Oswald
StyleName:Regular
FullName:Oswald Regular
MenuName:Oswald
FamilyPrefix:Oswald
StyleBits:0
WritingScript:Roman
OutlineFileName:C:\Users\angel\Desktop\.cv\.corsi\.CODE\eserciziofinale\shoponline\src\assets\Font\Oswald\Oswald-VariableFont_wght.ttf
DataFormat:sfntData
hasSVG:no
VariableFontType:TrueTypeVariableFont
FileLength:169108
FileModTime:1721371766
WeightClass:400
WidthClass:5
AngleClass:0
NameArray:0,Win,1,Oswald
%EndFont

%BeginFont
Handler:DirectoryHandler
FontType:Invalid
OutlineFileName:C:\Users\angel\Desktop\.cv\.corsi\.CODE\eserciziofinale\shoponline\src\assets\Font\Oswald\README.txt
FileModTime:1721371765
%EndFont

%BeginFont
Handler:DirectoryHandler
FontType:TrueType
FontName:Oswald-Bold
FamilyName:Oswald
StyleName:Bold
FullName:Oswald Bold
MenuName:Oswald
StyleBits:2
WritingScript:Roman
OutlineFileName:C:\Users\angel\Desktop\.cv\.corsi\.CODE\eserciziofinale\shoponline\src\assets\Font\Oswald\static\Oswald-Bold.ttf
DataFormat:sfntData
hasSVG:no
VariableFontType:NonVariableFont
FileLength:87604
FileModTime:1721371765
WeightClass:700
WidthClass:5
AngleClass:0
NameArray:0,Win,1,Oswald
%EndFont

%BeginFont
Handler:DirectoryHandler
FontType:TrueType
FontName:Oswald-ExtraLight
FamilyName:Oswald
StyleName:ExtraLight
FullName:Oswald ExtraLight
MenuName:Oswald ExtraLight
StyleBits:0
WritingScript:Roman
OutlineFileName:C:\Users\angel\Desktop\.cv\.corsi\.CODE\eserciziofinale\shoponline\src\assets\Font\Oswald\static\Oswald-ExtraLight.ttf
DataFormat:sfntData
hasSVG:no
VariableFontType:NonVariableFont
FileLength:87208
FileModTime:1721371765
WeightClass:250
WidthClass:5
AngleClass:0
NameArray:0,Win,1,Oswald ExtraLight
NameArray:0,Win,16,Oswald
%EndFont

%BeginFont
Handler:DirectoryHandler
FontType:TrueType
FontName:Oswald-Light
FamilyName:Oswald
StyleName:Light
FullName:Oswald Light
MenuName:Oswald Light
StyleBits:0
WritingScript:Roman
OutlineFileName:C:\Users\angel\Desktop\.cv\.corsi\.CODE\eserciziofinale\shoponline\src\assets\Font\Oswald\static\Oswald-Light.ttf
DataFormat:sfntData
hasSVG:no
VariableFontType:NonVariableFont
FileLength:87484
FileModTime:1721371765
WeightClass:300
WidthClass:5
AngleClass:0
NameArray:0,Win,1,Oswald Light
NameArray:0,Win,16,Oswald
%EndFont

%BeginFont
Handler:DirectoryHandler
FontType:TrueType
FontName:Oswald-Medium
FamilyName:Oswald
StyleName:Medium
FullName:Oswald Medium
MenuName:Oswald Medium
StyleBits:0
WritingScript:Roman
OutlineFileName:C:\Users\angel\Desktop\.cv\.corsi\.CODE\eserciziofinale\shoponline\src\assets\Font\Oswald\static\Oswald-Medium.ttf
DataFormat:sfntData
hasSVG:no
VariableFontType:NonVariableFont
FileLength:87596
FileModTime:1721371765
WeightClass:500
WidthClass:5
AngleClass:0
NameArray:0,Win,1,Oswald Medium
NameArray:0,Win,16,Oswald
%EndFont

%BeginFont
Handler:DirectoryHandler
FontType:TrueType
FontName:Oswald-Regular
FamilyName:Oswald
StyleName:Regular
FullName:Oswald Regular
MenuName:Oswald
StyleBits:0
WritingScript:Roman
OutlineFileName:C:\Users\angel\Desktop\.cv\.corsi\.CODE\eserciziofinale\shoponline\src\assets\Font\Oswald\static\Oswald-Regular.ttf
DataFormat:sfntData
hasSVG:no
VariableFontType:NonVariableFont
FileLength:87252
FileModTime:1721371765
WeightClass:400
WidthClass:5
AngleClass:0
NameArray:0,Win,1,Oswald
%EndFont

%BeginFont
Handler:DirectoryHandler
FontType:TrueType
FontName:Oswald-SemiBold
FamilyName:Oswald
StyleName:SemiBold
FullName:Oswald SemiBold
MenuName:Oswald SemiBold
StyleBits:0
WritingScript:Roman
OutlineFileName:C:\Users\angel\Desktop\.cv\.corsi\.CODE\eserciziofinale\shoponline\src\assets\Font\Oswald\static\Oswald-SemiBold.ttf
DataFormat:sfntData
hasSVG:no
VariableFontType:NonVariableFont
FileLength:87608
FileModTime:1721371765
WeightClass:600
WidthClass:5
AngleClass:0
NameArray:0,Win,1,Oswald SemiBold
NameArray:0,Win,16,Oswald
%EndFont

